[ 2016-01-06T18:13:14+08:00 ] ERR: (ThinkException) 无法加载模块:font-awesome
[ 2016-01-06T18:13:23+08:00 ] ERR: (ThinkException) 无法加载模块:1
[ 2016-01-06T18:13:26+08:00 ] ERR: (ThinkException) 无法加载模块:charts
[ 2016-01-06T18:19:26+08:00 ] ERR: (ThinkException) 无法加载模块:font-awesome
[ 2016-01-06T18:19:41+08:00 ] ERR: (ThinkException) 无法加载模块:font-awesome
[ 2016-01-06T18:20:41+08:00 ] ERR: (ThinkException) 无法加载模块:font-awesome
[ 2016-01-06T18:20:42+08:00 ] ERR: (ThinkException) 无法加载模块:charts
[ 2016-01-06T18:20:46+08:00 ] ERR: (ThinkException) 无法加载模块:1
[ 2016-01-06T18:21:52+08:00 ] ERR: (ThinkException) 非法操作:font-awesome
[ 2016-01-06T18:21:55+08:00 ] ERR: (ThinkException) 非法操作:font-awesome
[ 2016-01-06T18:21:57+08:00 ] ERR: (ThinkException) 非法操作:font-awesome
[ 2016-01-06T18:21:59+08:00 ] ERR: (ThinkException) 非法操作:font-awesome
[ 2016-01-06T18:22:00+08:00 ] ERR: (ThinkException) 非法操作:font-awesome
[ 2016-01-06T18:22:01+08:00 ] ERR: (ThinkException) 非法操作:font-awesome
[ 2016-01-06T18:22:04+08:00 ] ERR: (ThinkException) 无法加载模块:font-awesome
[ 2016-01-06T18:22:06+08:00 ] ERR: (ThinkException) 无法加载模块:charts
[ 2016-01-06T18:24:08+08:00 ] ERR: (ThinkException) 非法操作:font-awesome
[ 2016-01-06T18:24:11+08:00 ] ERR: (ThinkException) 非法操作:font-awesome
[ 2016-01-06T18:24:13+08:00 ] ERR: (ThinkException) 非法操作:font-awesome
[ 2016-01-06T18:24:16+08:00 ] ERR: (ThinkException) 非法操作:font-awesome
[ 2016-01-06T18:25:14+08:00 ] ERR: (ThinkException) 非法操作:font-awesome
[ 2016-01-06T18:25:15+08:00 ] ERR: (ThinkException) 非法操作:font-awesome
[ 2016-01-06T18:25:16+08:00 ] ERR: (ThinkException) 非法操作:font-awesome
[ 2016-01-06T18:25:17+08:00 ] ERR: (ThinkException) 非法操作:font-awesome
[ 2016-01-06T18:30:34+08:00 ] ERR: (ThinkException) 无法加载模块:font-awesome
[ 2016-01-06T18:30:37+08:00 ] ERR: (ThinkException) 非法操作:font-awesome
[ 2016-01-06T18:30:39+08:00 ] ERR: (ThinkException) 非法操作:font-awesome
[ 2016-01-06T18:31:12+08:00 ] ERR: (ThinkException) 非法操作:font-awesome
[ 2016-01-06T18:31:25+08:00 ] ERR: (ThinkException) 非法操作:font-awesome
[ 2016-01-06T18:31:27+08:00 ] ERR: (ThinkException) 非法操作:font-awesome
[ 2016-01-06T18:31:49+08:00 ] ERR: (ThinkException) 非法操作:font-awesome
[ 2016-01-06T18:34:02+08:00 ] ERR: (ThinkException) 非法操作:font-awesome
[ 2016-01-06T18:34:08+08:00 ] ERR: (ThinkException) 非法操作:font-awesome
[ 2016-01-06T18:34:08+08:00 ] ERR: (ThinkException) 非法操作:CSS
[ 2016-01-06T18:35:19+08:00 ] ERR: (ThinkException) 非法操作:font-awesome
[ 2016-01-06T18:35:29+08:00 ] ERR: (ThinkException) 非法操作:font-awesome
[ 2016-01-06T18:35:43+08:00 ] ERR: (ThinkException) 非法操作:font-awesome
[ 2016-01-06T18:35:45+08:00 ] ERR: (ThinkException) 非法操作:font-awesome
[ 2016-01-06T18:35:47+08:00 ] ERR: (ThinkException) 非法操作:font-awesome
[ 2016-01-06T18:35:48+08:00 ] ERR: (ThinkException) 非法操作:font-awesome
[ 2016-01-06T18:35:51+08:00 ] ERR: (ThinkException) 非法操作:font-awesome
[ 2016-01-06T18:36:21+08:00 ] ERR: (ThinkException) 非法操作:font-awesome
[ 2016-01-06T18:36:22+08:00 ] ERR: (ThinkException) 非法操作:font-awesome
[ 2016-01-06T18:36:26+08:00 ] ERR: (ThinkException) 非法操作:font-awesome
[ 2016-01-06T18:36:27+08:00 ] ERR: (ThinkException) 非法操作:font-awesome
[ 2016-01-06T18:36:32+08:00 ] ERR: (ThinkException) 非法操作:font-awesome
[ 2016-01-06T18:36:34+08:00 ] ERR: (ThinkException) 非法操作:font-awesome
[ 2016-01-06T18:36:35+08:00 ] ERR: (ThinkException) 非法操作:font-awesome
[ 2016-01-06T18:36:44+08:00 ] ERR: (ThinkException) 非法操作:font-awesome
[ 2016-01-06T18:37:17+08:00 ] ERR: (ThinkException) 非法操作:font-awesome
[ 2016-01-06T18:38:14+08:00 ] ERR: (ThinkException) 非法操作:font-awesome
[ 2016-01-06T18:38:31+08:00 ] ERR: (ThinkException) 非法操作:font-awesome
[ 2016-01-06T18:38:47+08:00 ] ERR: (ThinkException) 非法操作:font-awesome
[ 2016-01-06T18:38:56+08:00 ] ERR: (ThinkException) 非法操作:font-awesome
[ 2016-01-06T18:39:08+08:00 ] ERR: (ThinkException) 非法操作:font-awesome
[ 2016-01-06T18:40:09+08:00 ] ERR: (ThinkException) 非法操作:forms
[ 2016-01-06T19:04:09+08:00 ] ERR: (ThinkException) 非法操作:font-awesome
[ 2016-01-06T19:07:56+08:00 ] ERR: (ThinkException) 非法操作:font-awesome
[ 2016-01-06T19:08:34+08:00 ] ERR: (ThinkException) 非法操作:font-awesome
[ 2016-01-06T19:16:09+08:00 ] ERR: (ThinkException) 非法操作:images
[ 2016-01-06T19:16:09+08:00 ] ERR: (ThinkException) 非法操作:images
[ 2016-01-06T19:17:07+08:00 ] ERR: (ThinkException) 非法操作:__IMAGES__
[ 2016-01-06T19:17:07+08:00 ] ERR: (ThinkException) 非法操作:__IMAGES__
[ 2016-01-06T19:17:09+08:00 ] ERR: (ThinkException) 非法操作:__IMAGES__
[ 2016-01-06T19:17:09+08:00 ] ERR: (ThinkException) 非法操作:__IMAGES__
[ 2016-01-06T19:18:24+08:00 ] ERR: (ThinkException) 非法操作:Images
[ 2016-01-06T19:18:57+08:00 ] ERR: (ThinkException) 非法操作:font-awesome
[ 2016-01-06T19:19:40+08:00 ] ERR: (ThinkException) 非法操作:font-awesome
[ 2016-01-06T19:20:35+08:00 ] ERR: (ThinkException) 非法操作:index
[ 2016-01-06T19:21:02+08:00 ] ERR: (ThinkException) 非法操作:font-awesome
[ 2016-01-06T19:21:18+08:00 ] ERR: (ThinkException) 非法操作:font-awesome
[ 2016-01-06T19:23:04+08:00 ] ERR: (ThinkException) 非法操作:font-awesome
[ 2016-01-06T19:24:24+08:00 ] ERR: (ThinkException) 非法操作:font-awesome
[ 2016-01-06T19:28:17+08:00 ] ERR: (ThinkException) 非法操作:font-awesome
[ 2016-01-06T19:38:50+08:00 ] ERR: (ThinkException) 非法操作:font-awesome
[ 2016-01-06T19:38:55+08:00 ] ERR: (ThinkException) 非法操作:font-awesome
[ 2016-01-06T19:40:11+08:00 ] ERR: (ThinkException) 非法操作:font-awesome
[ 2016-01-06T20:01:52+08:00 ] 0.0.0.0 /Ashop/index.php/User/atlist.html
INFO: [ route_check ] --START--
INFO: Run CheckRoute Behavior [ RunTime:0.002305s ]
INFO: [ route_check ] --END-- [ RunTime:0.002519s ]
INFO: [ app_begin ] --START--
INFO: Run ReadHtmlCache Behavior [ RunTime:0.003891s ]
INFO: [ app_begin ] --END-- [ RunTime:0.004080s ]
SQL: SHOW COLUMNS FROM `think_article` [ RunTime:0.037272s ]
ERR: No database selected
 [ SQL语句 ] : SHOW COLUMNS FROM `think_article`
SQL: SELECT * FROM `think_article` ORDER BY id desc  [ RunTime:0.001567s ]
ERR: No database selected
 [ SQL语句 ] : SELECT * FROM `think_article` ORDER BY id desc 
INFO: [ view_template ] --START--
INFO: Run LocationTemplate Behavior [ RunTime:0.002724s ]
INFO: [ view_template ] --END-- [ RunTime:0.002891s ]
INFO: [ view_parse ] --START--
INFO: Run ParseTemplate Behavior [ RunTime:0.048841s ]
INFO: [ view_parse ] --END-- [ RunTime:0.049035s ]
INFO: [ view_filter ] --START--
INFO: Run ContentReplace Behavior [ RunTime:0.002138s ]
INFO: Run TokenBuild Behavior [ RunTime:0.001826s ]
INFO: Run WriteHtmlCache Behavior [ RunTime:0.002013s ]
INFO: Run ShowRuntime Behavior [ RunTime:0.001975s ]
INFO: [ view_filter ] --END-- [ RunTime:0.008506s ]
INFO: [ view_end ] --START--
INFO: Run ShowPageTrace Behavior [ RunTime:0.010309s ]
INFO: [ view_end ] --END-- [ RunTime:0.010486s ]

[ 2016-01-06T20:01:52+08:00 ] ERR: (ThinkException) 非法操作:__CSS__
[ 2016-01-06T20:01:52+08:00 ] ERR: (ThinkException) 非法操作:__CSS__
[ 2016-01-06T20:01:52+08:00 ] ERR: (ThinkException) 非法操作:__CSS__
[ 2016-01-06T20:01:52+08:00 ] ERR: (ThinkException) 非法操作:font-awesome
[ 2016-01-06T20:01:52+08:00 ] ERR: (ThinkException) 非法操作:__JS__
[ 2016-01-06T20:01:52+08:00 ] ERR: (ThinkException) 非法操作:__JS__
[ 2016-01-06T20:01:56+08:00 ] 0.0.0.0 /Ashop/index.php/User/atlist.html
INFO: [ route_check ] --START--
INFO: Run CheckRoute Behavior [ RunTime:0.002033s ]
INFO: [ route_check ] --END-- [ RunTime:0.002218s ]
INFO: [ app_begin ] --START--
INFO: Run ReadHtmlCache Behavior [ RunTime:0.001465s ]
INFO: [ app_begin ] --END-- [ RunTime:0.001631s ]
SQL: SHOW COLUMNS FROM `think_article` [ RunTime:0.000228s ]
ERR: No database selected
 [ SQL语句 ] : SHOW COLUMNS FROM `think_article`
SQL: SELECT * FROM `think_article` ORDER BY id desc  [ RunTime:0.000301s ]
ERR: No database selected
 [ SQL语句 ] : SELECT * FROM `think_article` ORDER BY id desc 
INFO: [ view_template ] --START--
INFO: Run LocationTemplate Behavior [ RunTime:0.002629s ]
INFO: [ view_template ] --END-- [ RunTime:0.002793s ]
INFO: [ view_parse ] --START--
INFO: Run ParseTemplate Behavior [ RunTime:0.036696s ]
INFO: [ view_parse ] --END-- [ RunTime:0.036871s ]
INFO: [ view_filter ] --START--
INFO: Run ContentReplace Behavior [ RunTime:0.001501s ]
INFO: Run TokenBuild Behavior [ RunTime:0.001404s ]
INFO: Run WriteHtmlCache Behavior [ RunTime:0.001421s ]
INFO: Run ShowRuntime Behavior [ RunTime:0.001624s ]
INFO: [ view_filter ] --END-- [ RunTime:0.006409s ]
INFO: [ view_end ] --START--
INFO: Run ShowPageTrace Behavior [ RunTime:0.001590s ]
INFO: [ view_end ] --END-- [ RunTime:0.001735s ]

[ 2016-01-06T20:01:57+08:00 ] ERR: (ThinkException) 非法操作:__CSS__
[ 2016-01-06T20:01:57+08:00 ] ERR: (ThinkException) 非法操作:font-awesome
[ 2016-01-06T20:01:57+08:00 ] ERR: (ThinkException) 非法操作:__JS__
[ 2016-01-06T20:01:57+08:00 ] ERR: (ThinkException) 非法操作:__JS__
[ 2016-01-06T20:01:57+08:00 ] ERR: (ThinkException) 非法操作:__CSS__
[ 2016-01-06T20:01:57+08:00 ] ERR: (ThinkException) 非法操作:__CSS__
[ 2016-01-06T20:02:43+08:00 ] ERR: (ThinkException) 非法操作:__CSS__
[ 2016-01-06T20:04:00+08:00 ] 0.0.0.0 /Ashop/index.php/User/atlist.html
INFO: [ route_check ] --START--
INFO: Run CheckRoute Behavior [ RunTime:0.002991s ]
INFO: [ route_check ] --END-- [ RunTime:0.003222s ]
INFO: [ app_begin ] --START--
INFO: Run ReadHtmlCache Behavior [ RunTime:0.029512s ]
INFO: [ app_begin ] --END-- [ RunTime:0.029714s ]
SQL: SHOW COLUMNS FROM `think_article` [ RunTime:0.000237s ]
ERR: No database selected
 [ SQL语句 ] : SHOW COLUMNS FROM `think_article`
SQL: SELECT * FROM `think_article` ORDER BY id desc  [ RunTime:0.000291s ]
ERR: No database selected
 [ SQL语句 ] : SELECT * FROM `think_article` ORDER BY id desc 
INFO: [ view_template ] --START--
INFO: Run LocationTemplate Behavior [ RunTime:0.003126s ]
INFO: [ view_template ] --END-- [ RunTime:0.003302s ]
INFO: [ view_parse ] --START--
INFO: Run ParseTemplate Behavior [ RunTime:0.291861s ]
INFO: [ view_parse ] --END-- [ RunTime:0.292051s ]
INFO: [ view_filter ] --START--
INFO: Run ContentReplace Behavior [ RunTime:0.039933s ]
INFO: Run TokenBuild Behavior [ RunTime:0.022704s ]
INFO: Run WriteHtmlCache Behavior [ RunTime:0.001838s ]
INFO: Run ShowRuntime Behavior [ RunTime:0.002522s ]
INFO: [ view_filter ] --END-- [ RunTime:0.067481s ]
INFO: [ view_end ] --START--
INFO: Run ShowPageTrace Behavior [ RunTime:0.009798s ]
INFO: [ view_end ] --END-- [ RunTime:0.009964s ]

[ 2016-01-06T20:04:00+08:00 ] ERR: (ThinkException) 非法操作:__CSS__
[ 2016-01-06T20:04:00+08:00 ] ERR: (ThinkException) 非法操作:__CSS__
[ 2016-01-06T20:04:00+08:00 ] ERR: (ThinkException) 非法操作:__CSS__
[ 2016-01-06T20:04:00+08:00 ] ERR: (ThinkException) 非法操作:__JS__
[ 2016-01-06T20:04:00+08:00 ] ERR: (ThinkException) 非法操作:__JS__
[ 2016-01-06T20:04:00+08:00 ] ERR: (ThinkException) 非法操作:font-awesome
[ 2016-01-06T20:04:03+08:00 ] 0.0.0.0 /Ashop/index.php/User/atlist.html
INFO: [ route_check ] --START--
INFO: Run CheckRoute Behavior [ RunTime:0.002554s ]
INFO: [ route_check ] --END-- [ RunTime:0.002749s ]
INFO: [ app_begin ] --START--
INFO: Run ReadHtmlCache Behavior [ RunTime:0.001637s ]
INFO: [ app_begin ] --END-- [ RunTime:0.001839s ]
SQL: SHOW COLUMNS FROM `think_article` [ RunTime:0.000178s ]
ERR: No database selected
 [ SQL语句 ] : SHOW COLUMNS FROM `think_article`
SQL: SELECT * FROM `think_article` ORDER BY id desc  [ RunTime:0.000216s ]
ERR: No database selected
 [ SQL语句 ] : SELECT * FROM `think_article` ORDER BY id desc 
INFO: [ view_template ] --START--
INFO: Run LocationTemplate Behavior [ RunTime:0.002512s ]
INFO: [ view_template ] --END-- [ RunTime:0.002687s ]
INFO: [ view_parse ] --START--
INFO: Run ParseTemplate Behavior [ RunTime:0.076594s ]
INFO: [ view_parse ] --END-- [ RunTime:0.076778s ]
INFO: [ view_filter ] --START--
INFO: Run ContentReplace Behavior [ RunTime:0.001559s ]
INFO: Run TokenBuild Behavior [ RunTime:0.001449s ]
INFO: Run WriteHtmlCache Behavior [ RunTime:0.001235s ]
INFO: Run ShowRuntime Behavior [ RunTime:0.001673s ]
INFO: [ view_filter ] --END-- [ RunTime:0.006387s ]
INFO: [ view_end ] --START--
INFO: Run ShowPageTrace Behavior [ RunTime:0.001664s ]
INFO: [ view_end ] --END-- [ RunTime:0.001823s ]

[ 2016-01-06T20:04:03+08:00 ] ERR: (ThinkException) 非法操作:font-awesome
[ 2016-01-06T20:04:03+08:00 ] ERR: (ThinkException) 非法操作:__JS__
[ 2016-01-06T20:04:04+08:00 ] ERR: (ThinkException) 非法操作:__JS__
[ 2016-01-06T20:04:04+08:00 ] ERR: (ThinkException) 非法操作:__CSS__
[ 2016-01-06T20:04:04+08:00 ] ERR: (ThinkException) 非法操作:__CSS__
[ 2016-01-06T20:04:04+08:00 ] ERR: (ThinkException) 非法操作:__CSS__
[ 2016-01-06T20:04:39+08:00 ] 0.0.0.0 /Ashop/index.php/User/atlist.html
INFO: [ route_check ] --START--
INFO: Run CheckRoute Behavior [ RunTime:0.002160s ]
INFO: [ route_check ] --END-- [ RunTime:0.002357s ]
INFO: [ app_begin ] --START--
INFO: Run ReadHtmlCache Behavior [ RunTime:0.001891s ]
INFO: [ app_begin ] --END-- [ RunTime:0.002837s ]
SQL: SHOW COLUMNS FROM `think_article` [ RunTime:0.000236s ]
ERR: No database selected
 [ SQL语句 ] : SHOW COLUMNS FROM `think_article`
SQL: SELECT * FROM `think_article` ORDER BY id desc  [ RunTime:0.000283s ]
ERR: No database selected
 [ SQL语句 ] : SELECT * FROM `think_article` ORDER BY id desc 
INFO: [ view_template ] --START--
INFO: Run LocationTemplate Behavior [ RunTime:0.002488s ]
INFO: [ view_template ] --END-- [ RunTime:0.002661s ]
INFO: [ view_parse ] --START--
INFO: Run ParseTemplate Behavior [ RunTime:0.031796s ]
INFO: [ view_parse ] --END-- [ RunTime:0.031980s ]
INFO: [ view_filter ] --START--
INFO: Run ContentReplace Behavior [ RunTime:0.001784s ]
INFO: Run TokenBuild Behavior [ RunTime:0.001663s ]
INFO: Run WriteHtmlCache Behavior [ RunTime:0.001487s ]
INFO: Run ShowRuntime Behavior [ RunTime:0.004424s ]
INFO: [ view_filter ] --END-- [ RunTime:0.009818s ]
INFO: [ view_end ] --START--
INFO: Run ShowPageTrace Behavior [ RunTime:0.002129s ]
INFO: [ view_end ] --END-- [ RunTime:0.002294s ]

[ 2016-01-06T20:04:40+08:00 ] ERR: (ThinkException) 非法操作:__CSS__
[ 2016-01-06T20:04:40+08:00 ] ERR: (ThinkException) 非法操作:__CSS__
[ 2016-01-06T20:04:40+08:00 ] ERR: (ThinkException) 非法操作:__JS__
[ 2016-01-06T20:04:40+08:00 ] ERR: (ThinkException) 非法操作:font-awesome
[ 2016-01-06T20:04:40+08:00 ] ERR: (ThinkException) 非法操作:__CSS__
[ 2016-01-06T20:04:40+08:00 ] ERR: (ThinkException) 非法操作:__JS__
[ 2016-01-06T20:04:42+08:00 ] 0.0.0.0 /Ashop/index.php/User/atlist.html
INFO: [ route_check ] --START--
INFO: Run CheckRoute Behavior [ RunTime:0.001925s ]
INFO: [ route_check ] --END-- [ RunTime:0.002127s ]
INFO: [ app_begin ] --START--
INFO: Run ReadHtmlCache Behavior [ RunTime:0.001616s ]
INFO: [ app_begin ] --END-- [ RunTime:0.001797s ]
SQL: SHOW COLUMNS FROM `think_article` [ RunTime:0.000184s ]
ERR: No database selected
 [ SQL语句 ] : SHOW COLUMNS FROM `think_article`
SQL: SELECT * FROM `think_article` ORDER BY id desc  [ RunTime:0.000189s ]
ERR: No database selected
 [ SQL语句 ] : SELECT * FROM `think_article` ORDER BY id desc 
INFO: [ view_template ] --START--
INFO: Run LocationTemplate Behavior [ RunTime:0.002383s ]
INFO: [ view_template ] --END-- [ RunTime:0.002544s ]
INFO: [ view_parse ] --START--
INFO: Run ParseTemplate Behavior [ RunTime:0.031770s ]
INFO: [ view_parse ] --END-- [ RunTime:0.031955s ]
INFO: [ view_filter ] --START--
INFO: Run ContentReplace Behavior [ RunTime:0.001584s ]
INFO: Run TokenBuild Behavior [ RunTime:0.001382s ]
INFO: Run WriteHtmlCache Behavior [ RunTime:0.001263s ]
INFO: Run ShowRuntime Behavior [ RunTime:0.001521s ]
INFO: [ view_filter ] --END-- [ RunTime:0.006530s ]
INFO: [ view_end ] --START--
INFO: Run ShowPageTrace Behavior [ RunTime:0.001615s ]
INFO: [ view_end ] --END-- [ RunTime:0.001789s ]

[ 2016-01-06T20:04:43+08:00 ] ERR: (ThinkException) 非法操作:__CSS__
[ 2016-01-06T20:04:43+08:00 ] ERR: (ThinkException) 非法操作:__CSS__
[ 2016-01-06T20:04:43+08:00 ] ERR: (ThinkException) 非法操作:__JS__
[ 2016-01-06T20:04:43+08:00 ] ERR: (ThinkException) 非法操作:font-awesome
[ 2016-01-06T20:04:43+08:00 ] ERR: (ThinkException) 非法操作:__CSS__
[ 2016-01-06T20:04:43+08:00 ] ERR: (ThinkException) 非法操作:__JS__
[ 2016-01-06T20:05:11+08:00 ] ERR: (ThinkException) 非法操作:__CSS__
[ 2016-01-06T20:05:11+08:00 ] ERR: (ThinkException) 非法操作:__CSS__
[ 2016-01-06T20:05:11+08:00 ] ERR: (ThinkException) 非法操作:__CSS__
[ 2016-01-06T20:05:11+08:00 ] ERR: (ThinkException) 非法操作:font-awesome
[ 2016-01-06T20:05:29+08:00 ] ERR: (ThinkException) 非法操作:font-awesome
[ 2016-01-06T20:17:55+08:00 ] ERR: (ThinkException) 无法加载模块:User
[ 2016-01-06T20:18:05+08:00 ] ERR: (ThinkException) 无法加载模块:User
[ 2016-01-06T20:18:13+08:00 ] ERR: (ThinkException) 无法加载模块:User
[ 2016-01-06T20:18:22+08:00 ] ERR: (ThinkException) 无法加载模块:User
[ 2016-01-06T20:20:47+08:00 ] ERR: (ThinkException) 无法加载模块:User
[ 2016-01-06T20:20:56+08:00 ] ERR: (ThinkException) 无法加载模块:User
[ 2016-01-06T20:25:53+08:00 ] ERR: (ThinkException) 非法操作:font-awesome
[ 2016-01-06T20:34:17+08:00 ] ERR: (ThinkException) 非法操作:font-awesome
[ 2016-01-06T20:34:19+08:00 ] ERR: (ThinkException) 非法操作:font-awesome
[ 2016-01-06T20:34:36+08:00 ] ERR: (ThinkException) 非法操作:font-awesome
[ 2016-01-06T20:39:14+08:00 ] ERR: (ThinkException) 非法操作:font-awesome
[ 2016-01-06T20:42:00+08:00 ] ERR: (ThinkException) 非法操作:font-awesome
[ 2016-01-06T20:42:04+08:00 ] ERR: (ThinkException) 非法操作:info
[ 2016-01-06T20:43:42+08:00 ] ERR: (ThinkException) 非法操作:font-awesome
[ 2016-01-06T20:46:37+08:00 ] ERR: (ThinkException) 非法操作:font-awesome
[ 2016-01-06T21:36:16+08:00 ] ERR: (ThinkException) 无法加载模块:font-awesome
[ 2016-01-06T21:36:22+08:00 ] ERR: (ThinkException) 无法加载模块:font-awesome
[ 2016-01-06T21:52:23+08:00 ] ERR: (ThinkException) 非法操作:Login
[ 2016-01-06T21:54:10+08:00 ] ERR: (ThinkException) 非法操作:Login
[ 2016-01-06T21:54:12+08:00 ] ERR: (ThinkException) 非法操作:Login
[ 2016-01-06T21:54:19+08:00 ] ERR: (ThinkException) 非法操作:font-awesome
[ 2016-01-06T21:54:25+08:00 ] ERR: (ThinkException) 非法操作:test
[ 2016-01-06T21:54:50+08:00 ] ERR: (ThinkException) 非法操作:font-awesome
[ 2016-01-06T21:55:27+08:00 ] ERR: (ThinkException) 非法操作:font-awesome
[ 2016-01-06T21:57:52+08:00 ] ERR: (ThinkException) 非法操作:font-awesome
