[ 2016-01-15T20:56:18+08:00 ] ERR: (ThinkException) 非法操作:font-awesome
[ 2016-01-15T20:56:22+08:00 ] ERR: (ThinkException) 非法操作:font-awesome
[ 2016-01-15T20:56:28+08:00 ] ERR: (ThinkException) 非法操作:font-awesome
[ 2016-01-15T20:57:35+08:00 ] ERR: (ThinkException) 非法操作:font-awesome
[ 2016-01-15T20:58:41+08:00 ] ERR: (ThinkException) 非法操作:font-awesome
[ 2016-01-15T20:58:44+08:00 ] ERR: (ThinkException) 非法操作:font-awesome
[ 2016-01-15T20:58:49+08:00 ] ERR: (ThinkException) 非法操作:font-awesome
[ 2016-01-15T20:59:21+08:00 ] ERR: (ThinkException) 非法操作:font-awesome
[ 2016-01-15T20:59:28+08:00 ] ERR: (ThinkException) 非法操作:font-awesome
[ 2016-01-15T20:59:30+08:00 ] ERR: (ThinkException) 非法操作:font-awesome
[ 2016-01-15T21:09:59+08:00 ] 0.0.0.0 /Ashop/index.php/Reg/checkName?username=
INFO: [ app_begin ] --START--
INFO: Run ReadHtmlCache Behavior [ RunTime:0.000967s ]
INFO: [ app_begin ] --END-- [ RunTime:0.001137s ]
SQL: SHOW COLUMNS FROM `tp_user` [ RunTime:0.007727s ]
SQL: SELECT COUNT(*) AS tp_count FROM `tp_user` WHERE ( `username` = '' ) LIMIT 1   [ RunTime:0.050213s ]

[ 2016-01-15T21:10:01+08:00 ] 0.0.0.0 /Ashop/index.php/Reg/checkName?username=
INFO: [ app_begin ] --START--
INFO: Run ReadHtmlCache Behavior [ RunTime:0.001414s ]
INFO: [ app_begin ] --END-- [ RunTime:0.001614s ]
SQL: SHOW COLUMNS FROM `tp_user` [ RunTime:0.027009s ]
SQL: SELECT COUNT(*) AS tp_count FROM `tp_user` WHERE ( `username` = '' ) LIMIT 1   [ RunTime:0.001329s ]

[ 2016-01-15T21:10:13+08:00 ] 0.0.0.0 /Ashop/index.php/Reg/checkName?username=
INFO: [ app_begin ] --START--
INFO: Run ReadHtmlCache Behavior [ RunTime:0.001013s ]
INFO: [ app_begin ] --END-- [ RunTime:0.001188s ]
SQL: SHOW COLUMNS FROM `tp_user` [ RunTime:0.006661s ]
SQL: SELECT COUNT(*) AS tp_count FROM `tp_user` WHERE ( `username` = '' ) LIMIT 1   [ RunTime:0.000436s ]

[ 2016-01-15T21:10:14+08:00 ] 0.0.0.0 /Ashop/index.php/Reg/checkName?username=
INFO: [ app_begin ] --START--
INFO: Run ReadHtmlCache Behavior [ RunTime:0.000959s ]
INFO: [ app_begin ] --END-- [ RunTime:0.001102s ]
SQL: SHOW COLUMNS FROM `tp_user` [ RunTime:0.007932s ]
SQL: SELECT COUNT(*) AS tp_count FROM `tp_user` WHERE ( `username` = '' ) LIMIT 1   [ RunTime:0.000574s ]

[ 2016-01-15T21:10:15+08:00 ] 0.0.0.0 /Ashop/index.php/Reg/checkName?username=
INFO: [ app_begin ] --START--
INFO: Run ReadHtmlCache Behavior [ RunTime:0.000904s ]
INFO: [ app_begin ] --END-- [ RunTime:0.001049s ]
SQL: SHOW COLUMNS FROM `tp_user` [ RunTime:0.007763s ]
SQL: SELECT COUNT(*) AS tp_count FROM `tp_user` WHERE ( `username` = '' ) LIMIT 1   [ RunTime:0.000504s ]

[ 2016-01-15T21:10:34+08:00 ] 0.0.0.0 /Ashop/index.php/Reg/checkName?username=admin
INFO: [ app_begin ] --START--
INFO: Run ReadHtmlCache Behavior [ RunTime:0.001051s ]
INFO: [ app_begin ] --END-- [ RunTime:0.001199s ]
SQL: SHOW COLUMNS FROM `tp_user` [ RunTime:0.007217s ]
SQL: SELECT COUNT(*) AS tp_count FROM `tp_user` WHERE ( `username` = 'admin' ) LIMIT 1   [ RunTime:0.000522s ]

[ 2016-01-15T21:10:37+08:00 ] 0.0.0.0 /Ashop/index.php/Reg/checkName?username=adminffffffffffffffffffff
INFO: [ app_begin ] --START--
INFO: Run ReadHtmlCache Behavior [ RunTime:0.000887s ]
INFO: [ app_begin ] --END-- [ RunTime:0.001032s ]
SQL: SHOW COLUMNS FROM `tp_user` [ RunTime:0.007153s ]
SQL: SELECT COUNT(*) AS tp_count FROM `tp_user` WHERE ( `username` = 'adminffffffffffffffffffff' ) LIMIT 1   [ RunTime:0.000564s ]

[ 2016-01-15T21:10:40+08:00 ] 0.0.0.0 /Ashop/index.php/Reg/checkName?username=adminffffffffffffffffffffffffffffffff
INFO: [ app_begin ] --START--
INFO: Run ReadHtmlCache Behavior [ RunTime:0.000896s ]
INFO: [ app_begin ] --END-- [ RunTime:0.001038s ]
SQL: SHOW COLUMNS FROM `tp_user` [ RunTime:0.006313s ]
SQL: SELECT COUNT(*) AS tp_count FROM `tp_user` WHERE ( `username` = 'adminffffffffffffffffffffffffffffffff' ) LIMIT 1   [ RunTime:0.000417s ]

[ 2016-01-15T21:10:46+08:00 ] 0.0.0.0 /Ashop/index.php/Reg/checkName?username=dghkjdashgkl
INFO: [ app_begin ] --START--
INFO: Run ReadHtmlCache Behavior [ RunTime:0.000848s ]
INFO: [ app_begin ] --END-- [ RunTime:0.000978s ]
SQL: SHOW COLUMNS FROM `tp_user` [ RunTime:0.007778s ]
SQL: SELECT COUNT(*) AS tp_count FROM `tp_user` WHERE ( `username` = 'dghkjdashgkl' ) LIMIT 1   [ RunTime:0.000677s ]

[ 2016-01-15T21:10:49+08:00 ] 0.0.0.0 /Ashop/index.php/Reg/checkName?username=admin
INFO: [ app_begin ] --START--
INFO: Run ReadHtmlCache Behavior [ RunTime:0.001004s ]
INFO: [ app_begin ] --END-- [ RunTime:0.001162s ]
SQL: SHOW COLUMNS FROM `tp_user` [ RunTime:0.008286s ]
SQL: SELECT COUNT(*) AS tp_count FROM `tp_user` WHERE ( `username` = 'admin' ) LIMIT 1   [ RunTime:0.000582s ]

[ 2016-01-15T21:10:53+08:00 ] 0.0.0.0 /Ashop/index.php/Reg/checkName?username=dgfjsdkla
INFO: [ app_begin ] --START--
INFO: Run ReadHtmlCache Behavior [ RunTime:0.000929s ]
INFO: [ app_begin ] --END-- [ RunTime:0.001106s ]
SQL: SHOW COLUMNS FROM `tp_user` [ RunTime:0.014473s ]
SQL: SELECT COUNT(*) AS tp_count FROM `tp_user` WHERE ( `username` = 'dgfjsdkla' ) LIMIT 1   [ RunTime:0.000420s ]

[ 2016-01-15T21:11:02+08:00 ] 0.0.0.0 /Ashop/index.php/Reg/checkName?username=
INFO: [ app_begin ] --START--
INFO: Run ReadHtmlCache Behavior [ RunTime:0.000932s ]
INFO: [ app_begin ] --END-- [ RunTime:0.001188s ]
SQL: SHOW COLUMNS FROM `tp_user` [ RunTime:0.006476s ]
SQL: SELECT COUNT(*) AS tp_count FROM `tp_user` WHERE ( `username` = '' ) LIMIT 1   [ RunTime:0.000418s ]

[ 2016-01-15T21:12:20+08:00 ] ERR: (ThinkException) 非法操作:font-awesome
[ 2016-01-15T21:12:26+08:00 ] ERR: (ThinkException) 非法操作:font-awesome
[ 2016-01-15T21:12:49+08:00 ] 0.0.0.0 /Ashop/index.php/Reg/checkName?username=admin22
INFO: [ app_begin ] --START--
INFO: Run ReadHtmlCache Behavior [ RunTime:0.007659s ]
INFO: [ app_begin ] --END-- [ RunTime:0.007829s ]
SQL: SHOW COLUMNS FROM `tp_user` [ RunTime:0.018277s ]
SQL: SELECT COUNT(*) AS tp_count FROM `tp_user` WHERE ( `username` = 'admin22' ) LIMIT 1   [ RunTime:0.000437s ]

[ 2016-01-15T21:23:14+08:00 ] 0.0.0.0 /Ashop/index.php/Reg/checkName?username=sdffsd
INFO: [ app_begin ] --START--
INFO: Run ReadHtmlCache Behavior [ RunTime:0.000957s ]
INFO: [ app_begin ] --END-- [ RunTime:0.001108s ]
SQL: SHOW COLUMNS FROM `tp_user` [ RunTime:0.008501s ]
SQL: SELECT COUNT(*) AS tp_count FROM `tp_user` WHERE ( `username` = 'sdffsd' ) LIMIT 1   [ RunTime:0.000667s ]

[ 2016-01-15T21:23:19+08:00 ] ERR: (ThinkException) Model:checkCode您所请求的方法不存在！
[ 2016-01-15T21:25:44+08:00 ] 0.0.0.0 /Ashop/index.php/Reg/checkName?username=sdffsd23
INFO: [ app_begin ] --START--
INFO: Run ReadHtmlCache Behavior [ RunTime:0.000816s ]
INFO: [ app_begin ] --END-- [ RunTime:0.000949s ]
SQL: SHOW COLUMNS FROM `tp_user` [ RunTime:0.009496s ]
SQL: SELECT COUNT(*) AS tp_count FROM `tp_user` WHERE ( `username` = 'sdffsd23' ) LIMIT 1   [ RunTime:0.000899s ]

[ 2016-01-15T21:29:45+08:00 ] 0.0.0.0 /Ashop/index.php/Reg/checkName?username=2312312
INFO: [ app_begin ] --START--
INFO: Run ReadHtmlCache Behavior [ RunTime:0.001659s ]
INFO: [ app_begin ] --END-- [ RunTime:0.001826s ]
SQL: SHOW COLUMNS FROM `tp_user` [ RunTime:0.011461s ]
SQL: SELECT COUNT(*) AS tp_count FROM `tp_user` WHERE ( `username` = '2312312' ) LIMIT 1   [ RunTime:0.000500s ]

[ 2016-01-15T21:30:02+08:00 ] 0.0.0.0 /Ashop/index.php/Reg/checkName?username=uriuewiorw
INFO: [ app_begin ] --START--
INFO: Run ReadHtmlCache Behavior [ RunTime:0.002007s ]
INFO: [ app_begin ] --END-- [ RunTime:0.002179s ]
SQL: SHOW COLUMNS FROM `tp_user` [ RunTime:0.008085s ]
SQL: SELECT COUNT(*) AS tp_count FROM `tp_user` WHERE ( `username` = 'uriuewiorw' ) LIMIT 1   [ RunTime:0.001607s ]

[ 2016-01-15T21:31:58+08:00 ] ERR: (ThinkException) 非法操作:font-awesome
[ 2016-01-15T21:32:00+08:00 ] ERR: (ThinkException) 非法操作:font-awesome
[ 2016-01-15T21:32:02+08:00 ] ERR: (ThinkException) 非法操作:font-awesome
[ 2016-01-15T21:32:09+08:00 ] ERR: (ThinkException) 非法操作:font-awesome
[ 2016-01-15T21:36:55+08:00 ] ERR: (ThinkException) 非法操作:font-awesome
[ 2016-01-15T21:38:05+08:00 ] ERR: (ThinkException) 非法操作:font-awesome
[ 2016-01-15T21:38:40+08:00 ] ERR: (ThinkException) 非法操作:font-awesome
[ 2016-01-15T21:38:43+08:00 ] ERR: (ThinkException) 非法操作:font-awesome
[ 2016-01-15T21:38:58+08:00 ] ERR: (ThinkException) 非法操作:font-awesome
[ 2016-01-15T21:39:01+08:00 ] ERR: (ThinkException) 非法操作:font-awesome
[ 2016-01-15T21:39:33+08:00 ] ERR: (ThinkException) 非法操作:font-awesome
[ 2016-01-15T21:39:50+08:00 ] ERR: (ThinkException) 非法操作:font-awesome
[ 2016-01-15T21:40:11+08:00 ] ERR: (ThinkException) 非法操作:font-awesome
[ 2016-01-15T21:41:36+08:00 ] ERR: (ThinkException) 非法操作:font-awesome
[ 2016-01-15T21:41:42+08:00 ] ERR: (ThinkException) 非法操作:font-awesome
[ 2016-01-15T21:41:49+08:00 ] ERR: (ThinkException) 非法操作:font-awesome
[ 2016-01-15T21:42:05+08:00 ] ERR: (ThinkException) 非法操作:font-awesome
[ 2016-01-15T21:42:11+08:00 ] ERR: (ThinkException) 非法操作:font-awesome
[ 2016-01-15T21:42:56+08:00 ] ERR: (ThinkException) 非法操作:font-awesome
[ 2016-01-15T21:49:24+08:00 ] ERR: (ThinkException) 非法操作:font-awesome
[ 2016-01-15T21:49:35+08:00 ] ERR: (ThinkException) 非法操作:font-awesome
[ 2016-01-15T21:50:06+08:00 ] ERR: (ThinkException) 非法操作:font-awesome
[ 2016-01-15T21:53:11+08:00 ] ERR: (ThinkException) 非法操作:font-awesome
[ 2016-01-15T21:54:46+08:00 ] ERR: (ThinkException) 非法操作:font-awesome
[ 2016-01-15T21:54:59+08:00 ] ERR: (ThinkException) 非法操作:font-awesome
[ 2016-01-15T21:56:47+08:00 ] ERR: (ThinkException) 非法操作:font-awesome
[ 2016-01-15T21:56:53+08:00 ] ERR: (ThinkException) 非法操作:font-awesome
[ 2016-01-15T21:57:11+08:00 ] ERR: (ThinkException) 非法操作:font-awesome
[ 2016-01-15T21:59:48+08:00 ] ERR: (ThinkException) 非法操作:font-awesome
[ 2016-01-15T22:01:22+08:00 ] ERR: (ThinkException) 非法操作:font-awesome
[ 2016-01-15T22:02:20+08:00 ] ERR: (ThinkException) 非法操作:font-awesome
[ 2016-01-15T22:02:37+08:00 ] ERR: (ThinkException) 非法操作:font-awesome
[ 2016-01-15T22:02:47+08:00 ] ERR: (ThinkException) 非法操作:font-awesome
[ 2016-01-15T22:03:07+08:00 ] ERR: (ThinkException) 非法操作:font-awesome
[ 2016-01-15T22:03:17+08:00 ] ERR: (ThinkException) 非法操作:font-awesome
[ 2016-01-15T22:03:51+08:00 ] ERR: (ThinkException) 非法操作:font-awesome
[ 2016-01-15T22:03:59+08:00 ] ERR: (ThinkException) 非法操作:font-awesome
[ 2016-01-15T22:04:10+08:00 ] ERR: (ThinkException) 非法操作:font-awesome
[ 2016-01-15T22:04:28+08:00 ] ERR: (ThinkException) 非法操作:font-awesome
[ 2016-01-15T22:04:32+08:00 ] ERR: (ThinkException) 非法操作:index
[ 2016-01-15T22:05:32+08:00 ] ERR: (ThinkException) 非法操作:index
[ 2016-01-15T22:05:52+08:00 ] ERR: (ThinkException) 非法操作:font-awesome
[ 2016-01-15T22:05:58+08:00 ] ERR: (ThinkException) 非法操作:font-awesome
[ 2016-01-15T22:06:21+08:00 ] ERR: (ThinkException) 非法操作:font-awesome
[ 2016-01-15T22:25:40+08:00 ] ERR: (ThinkException) 非法操作:font-awesome
[ 2016-01-15T22:25:51+08:00 ] ERR: (ThinkException) 非法操作:font-awesome
[ 2016-01-15T22:26:30+08:00 ] 0.0.0.0 /Ashop/index.php/Reg/checkName?username=meimei
INFO: [ app_begin ] --START--
INFO: Run ReadHtmlCache Behavior [ RunTime:0.001406s ]
INFO: [ app_begin ] --END-- [ RunTime:0.001560s ]
SQL: SHOW COLUMNS FROM `tp_user` [ RunTime:0.024604s ]
SQL: SELECT COUNT(*) AS tp_count FROM `tp_user` WHERE ( `username` = 'meimei' ) LIMIT 1   [ RunTime:0.000731s ]

[ 2016-01-15T22:26:48+08:00 ] ERR: (ThinkException) 非法操作:font-awesome
[ 2016-01-15T22:26:57+08:00 ] ERR: (ThinkException) 非法操作:font-awesome
[ 2016-01-15T22:27:13+08:00 ] ERR: (ThinkException) 非法操作:font-awesome
[ 2016-01-15T22:27:34+08:00 ] ERR: (ThinkException) 非法操作:font-awesome
[ 2016-01-15T22:27:49+08:00 ] ERR: (ThinkException) 非法操作:font-awesome
[ 2016-01-15T22:29:23+08:00 ] ERR: (ThinkException) 非法操作:font-awesome
[ 2016-01-15T22:29:35+08:00 ] ERR: (ThinkException) 非法操作:font-awesome
[ 2016-01-15T22:32:57+08:00 ] ERR: (ThinkException) 非法操作:font-awesome
[ 2016-01-15T22:33:28+08:00 ] ERR: (ThinkException) 非法操作:font-awesome
[ 2016-01-15T22:33:51+08:00 ] ERR: (ThinkException) 非法操作:font-awesome
[ 2016-01-15T22:34:09+08:00 ] ERR: (ThinkException) 非法操作:font-awesome
